#
# A fatal error has been detected by the Java Runtime Environment:
#
#  SIGSEGV (0xb) at pc=0x00007f105a3b3009, pid=200906, tid=200937
#
# JRE version: OpenJDK Runtime Environment (9.0) (build 9-internal+0-2016-04-14-195246.buildd.src)
# Java VM: OpenJDK 64-Bit Server VM (9-internal+0-2016-04-14-195246.buildd.src, mixed mode, tiered, compressed oops, g1 gc, linux-amd64)
# Problematic frame:
# C  [libjava.so+0x1d009]  JNU_GetEnv+0x19
#
# Core dump will be written. Default location: Core dumps may be processed with "/usr/share/apport/apport %p %s %c %d %P %E" (or dumping to /home/ansari/Downloads/Human-Resources-DB-Management-master/src/core.200906)
#
# If you would like to submit a bug report, please visit:
#   http://bugreport.java.com/bugreport/crash.jsp
# The crash happened outside the Java Virtual Machine in native code.
# See problematic frame for where to report the bug.
#

---------------  S U M M A R Y ------------

Command Line: mainpage

Host: Intel(R) Core(TM) i5-3210M CPU @ 2.50GHz, 4 cores, 3G, Ubuntu 20.04.1 LTS
Time: Mon Nov 16 11:17:04 2020 IST elapsed time: 5 seconds (0d 0h 0m 5s)

---------------  T H R E A D  ---------------

Current thread (0x00007f1054380000):  JavaThread "AWT-EventQueue-0" [_thread_in_native, id=200937, stack(0x00007f0fd7afd000,0x00007f0fd7bfe000)]

Stack: [0x00007f0fd7afd000,0x00007f0fd7bfe000],  sp=0x00007f0fd7bf7470,  free space=1001k
Native frames: (J=compiled Java code, j=interpreted, Vv=VM code, C=native code)
C  [libjava.so+0x1d009]  JNU_GetEnv+0x19
C  [libfontmanager.so+0x33f8e]
C  [libfreetype.so.6+0x123df]

Java frames: (J=compiled Java code, j=interpreted, Vv=VM code)
j  sun.font.FreetypeFontScaler.initNativeScaler(Lsun/font/Font2D;IIZI)J+0 java.desktop@9-internal
j  sun.font.FreetypeFontScaler.<init>(Lsun/font/Font2D;IZI)V+26 java.desktop@9-internal
v  ~StubRoutines::call_stub
j  sun.reflect.NativeConstructorAccessorImpl.newInstance0(Ljava/lang/reflect/Constructor;[Ljava/lang/Object;)Ljava/lang/Object;+0 java.base@9-internal
j  sun.reflect.NativeConstructorAccessorImpl.newInstance([Ljava/lang/Object;)Ljava/lang/Object;+85 java.base@9-internal
j  sun.reflect.DelegatingConstructorAccessorImpl.newInstance([Ljava/lang/Object;)Ljava/lang/Object;+5 java.base@9-internal
j  java.lang.reflect.Constructor.newInstance([Ljava/lang/Object;)Ljava/lang/Object;+65 java.base@9-internal
j  sun.font.FontScaler.getScaler(Lsun/font/Font2D;IZI)Lsun/font/FontScaler;+39 java.desktop@9-internal
j  sun.font.TrueTypeFont.getScaler()Lsun/font/FontScaler;+21 java.desktop@9-internal
j  sun.font.FileFontStrike.<init>(Lsun/font/FileFont;Lsun/font/FontStrikeDesc;)V+204 java.desktop@9-internal
j  sun.font.FileFont.createStrike(Lsun/font/FontStrikeDesc;)Lsun/font/FontStrike;+18 java.desktop@9-internal
j  sun.font.Font2D.getStrike(Lsun/font/FontStrikeDesc;Z)Lsun/font/FontStrike;+92 java.desktop@9-internal
j  sun.font.Font2D.getStrike(Lsun/font/FontStrikeDesc;)Lsun/font/FontStrike;+3 java.desktop@9-internal
j  sun.font.CompositeStrike.getStrikeForSlot(I)Lsun/font/PhysicalStrike;+23 java.desktop@9-internal
j  sun.font.CompositeStrike.getFontMetrics()Lsun/font/StrikeMetrics;+31 java.desktop@9-internal
j  sun.font.FontDesignMetrics.initMatrixAndMetrics()V+28 java.desktop@9-internal
j  sun.font.FontDesignMetrics.<init>(Ljava/awt/Font;Ljava/awt/font/FontRenderContext;)V+62 java.desktop@9-internal
j  sun.font.FontDesignMetrics.getMetrics(Ljava/awt/Font;Ljava/awt/font/FontRenderContext;)Lsun/font/FontDesignMetrics;+128 java.desktop@9-internal
j  sun.swing.SwingUtilities2.getFontMetrics(Ljavax/swing/JComponent;Ljava/awt/Font;)Ljava/awt/FontMetrics;+15 java.desktop@9-internal
j  javax.swing.JComponent.getFontMetrics(Ljava/awt/Font;)Ljava/awt/FontMetrics;+2 java.desktop@9-internal
j  sun.swing.SwingUtilities2.getFontMetrics(Ljavax/swing/JComponent;Ljava/awt/Graphics;Ljava/awt/Font;)Ljava/awt/FontMetrics;+6 java.desktop@9-internal
j  sun.swing.SwingUtilities2.getFontMetrics(Ljavax/swing/JComponent;Ljava/awt/Graphics;)Ljava/awt/FontMetrics;+6 java.desktop@9-internal
j  javax.swing.plaf.synth.SynthGraphicsUtils.paintText(Ljavax/swing/plaf/synth/SynthContext;Ljava/awt/Graphics;Ljava/lang/String;Ljavax/swing/Icon;IIIIIII)V+19 java.desktop@9-internal
j  javax.swing.plaf.synth.SynthLabelUI.paint(Ljavax/swing/plaf/synth/SynthContext;Ljava/awt/Graphics;)V+96 java.desktop@9-internal
j  javax.swing.plaf.synth.SynthLabelUI.update(Ljava/awt/Graphics;Ljavax/swing/JComponent;)V+33 java.desktop@9-internal
j  javax.swing.JComponent.paintComponent(Ljava/awt/Graphics;)V+26 java.desktop@9-internal
j  javax.swing.JComponent.paint(Ljava/awt/Graphics;)V+286 java.desktop@9-internal
j  javax.swing.JComponent.paintChildren(Ljava/awt/Graphics;)V+501 java.desktop@9-internal
j  javax.swing.JComponent.paint(Ljava/awt/Graphics;)V+318 java.desktop@9-internal
j  javax.swing.JComponent.paintChildren(Ljava/awt/Graphics;)V+501 java.desktop@9-internal
j  javax.swing.JComponent.paint(Ljava/awt/Graphics;)V+318 java.desktop@9-internal
j  javax.swing.JLayeredPane.paint(Ljava/awt/Graphics;)V+73 java.desktop@9-internal
j  javax.swing.JComponent.paintChildren(Ljava/awt/Graphics;)V+501 java.desktop@9-internal
j  javax.swing.JComponent.paintToOffscreen(Ljava/awt/Graphics;IIIIII)V+72 java.desktop@9-internal
j  javax.swing.BufferStrategyPaintManager.paint(Ljavax/swing/JComponent;Ljavax/swing/JComponent;Ljava/awt/Graphics;IIII)Z+164 java.desktop@9-internal
j  javax.swing.RepaintManager.paint(Ljavax/swing/JComponent;Ljavax/swing/JComponent;Ljava/awt/Graphics;IIII)V+51 java.desktop@9-internal
j  javax.swing.JComponent.paint(Ljava/awt/Graphics;)V+221 java.desktop@9-internal
j  java.awt.GraphicsCallback$PaintCallback.run(Ljava/awt/Component;Ljava/awt/Graphics;)V+2 java.desktop@9-internal
j  sun.awt.SunGraphicsCallback.runOneComponent(Ljava/awt/Component;Ljava/awt/Rectangle;Ljava/awt/Graphics;Ljava/awt/Shape;I)V+155 java.desktop@9-internal
j  sun.awt.SunGraphicsCallback.runComponents([Ljava/awt/Component;Ljava/awt/Graphics;I)V+157 java.desktop@9-internal
j  java.awt.Container.paint(Ljava/awt/Graphics;)V+58 java.desktop@9-internal
j  java.awt.Window.paint(Ljava/awt/Graphics;)V+68 java.desktop@9-internal
j  javax.swing.RepaintManager$4.run()Ljava/lang/Void;+142 java.desktop@9-internal
j  javax.swing.RepaintManager$4.run()Ljava/lang/Object;+1 java.desktop@9-internal
v  ~StubRoutines::call_stub
j  java.security.AccessController.doPrivileged(Ljava/security/PrivilegedAction;Ljava/security/AccessControlContext;)Ljava/lang/Object;+0 java.base@9-internal
j  java.security.ProtectionDomain$JavaSecurityAccessImpl.doIntersectionPrivilege(Ljava/security/PrivilegedAction;Ljava/security/AccessControlContext;Ljava/security/AccessControlContext;)Ljava/lang/Object;+18 java.base@9-internal
j  javax.swing.RepaintManager.paintDirtyRegions(Ljava/util/Map;)V+154 java.desktop@9-internal
j  javax.swing.RepaintManager.paintDirtyRegions()V+46 java.desktop@9-internal
j  javax.swing.RepaintManager.prePaintDirtyRegions()V+73 java.desktop@9-internal
j  javax.swing.RepaintManager.access$1200(Ljavax/swing/RepaintManager;)V+1 java.desktop@9-internal
j  javax.swing.RepaintManager$ProcessingRunnable.run()V+37 java.desktop@9-internal
j  java.awt.event.InvocationEvent.dispatch()V+47 java.desktop@9-internal
j  java.awt.EventQueue.dispatchEventImpl(Ljava/awt/AWTEvent;Ljava/lang/Object;)V+21 java.desktop@9-internal
j  java.awt.EventQueue.access$500(Ljava/awt/EventQueue;Ljava/awt/AWTEvent;Ljava/lang/Object;)V+3 java.desktop@9-internal
j  java.awt.EventQueue$3.run()Ljava/lang/Void;+32 java.desktop@9-internal
j  java.awt.EventQueue$3.run()Ljava/lang/Object;+1 java.desktop@9-internal
v  ~StubRoutines::call_stub
j  java.security.AccessController.doPrivileged(Ljava/security/PrivilegedAction;Ljava/security/AccessControlContext;)Ljava/lang/Object;+0 java.base@9-internal
j  java.security.ProtectionDomain$JavaSecurityAccessImpl.doIntersectionPrivilege(Ljava/security/PrivilegedAction;Ljava/security/AccessControlContext;Ljava/security/AccessControlContext;)Ljava/lang/Object;+18 java.base@9-internal
j  java.awt.EventQueue.dispatchEvent(Ljava/awt/AWTEvent;)V+46 java.desktop@9-internal
j  java.awt.EventDispatchThread.pumpOneEventForFilters(I)V+183 java.desktop@9-internal
j  java.awt.EventDispatchThread.pumpEventsForFilter(ILjava/awt/Conditional;Ljava/awt/EventFilter;)V+35 java.desktop@9-internal
j  java.awt.EventDispatchThread.pumpEventsForHierarchy(ILjava/awt/Conditional;Ljava/awt/Component;)V+11 java.desktop@9-internal
j  java.awt.EventDispatchThread.pumpEvents(ILjava/awt/Conditional;)V+4 java.desktop@9-internal
j  java.awt.EventDispatchThread.pumpEvents(Ljava/awt/Conditional;)V+3 java.desktop@9-internal
j  java.awt.EventDispatchThread.run()V+9 java.desktop@9-internal
v  ~StubRoutines::call_stub

siginfo: si_signo: 11 (SIGSEGV), si_code: 1 (SEGV_MAPERR), si_addr: 0x0000000000000000

Register to memory mapping:

RAX=0x0000000000000000 is an unknown value
RBX=0x0000000000000000 is an unknown value
RCX=0x0000000000000000 is an unknown value
RDX=0x0000000000010002 is an unknown value
RSP=0x00007f0fd7bf7470 is pointing into the stack for thread: 0x00007f1054380000
RBP=0x00007f0fd7bf7480 is pointing into the stack for thread: 0x00007f1054380000
RSI=0x0000000000010002 is an unknown value
RDI=0x0000000000000000 is an unknown value
R8 =0x0000000000000000 is an unknown value
R9 =0x00007f0fc80000e0 is an unknown value
R10=0xfffffffffffff76a is an unknown value
R11=0x00007f105a3b2ff0: JNU_GetEnv+0x0000000000000000 in /usr/lib/jvm/java-9-openjdk-amd64/lib/amd64/libjava.so at 0x00007f105a396000
R12=0x00007f0fc8025930 is an unknown value
R13=0x0000000000000000 is an unknown value
R14=0x0000000000000000 is an unknown value
R15=0x00007f0fc8025930 is an unknown value


Registers:
RAX=0x0000000000000000, RBX=0x0000000000000000, RCX=0x0000000000000000, RDX=0x0000000000010002
RSP=0x00007f0fd7bf7470, RBP=0x00007f0fd7bf7480, RSI=0x0000000000010002, RDI=0x0000000000000000
R8 =0x0000000000000000, R9 =0x00007f0fc80000e0, R10=0xfffffffffffff76a, R11=0x00007f105a3b2ff0
R12=0x00007f0fc8025930, R13=0x0000000000000000, R14=0x0000000000000000, R15=0x00007f0fc8025930
RIP=0x00007f105a3b3009, EFLAGS=0x0000000000010246, CSGSFS=0x002b000000000033, ERR=0x0000000000000004
  TRAPNO=0x000000000000000e

Top of Stack: (sp=0x00007f0fd7bf7470)
0x00007f0fd7bf7470:   0000000000000000 79a579805d349c00
0x00007f0fd7bf7480:   00007f0fd7bf74c0 00007f0fe42eff8e
0x00007f0fd7bf7490:   00007f0fe41fe728 00007f0fc8025930
0x00007f0fd7bf74a0:   0000000000000000 0000000000000000
0x00007f0fd7bf74b0:   0000000000000000 00007f0fc8025930
0x00007f0fd7bf74c0:   0000000000000000 00007f0fe420f3df
0x00007f0fd7bf74d0:   0000000000000000 00007f0fc8047650
0x00007f0fd7bf74e0:   00007f0fe42b85a0 00007f0fe4227725
0x00007f0fd7bf74f0:   0000000000000000 00007f0fc80254a0
0x00007f0fd7bf7500:   00007f0fc8047240 00007f105be92773
0x00007f0fd7bf7510:   00007f0fc8047640 00007f0fc8000080
0x00007f0fd7bf7520:   0000000000000007 00007f0fc8000986
0x00007f0fd7bf7530:   00000000000005c0 00007f1000000047
0x00007f0fd7bf7540:   00007f0fc8000ba8 00000000000005f0
0x00007f0fd7bf7550:   0000000000000017 000000470000005d
0x00007f0fd7bf7560:   0000000000000002 0000000000000000
0x00007f0fd7bf7570:   0000000000000000 000000770000007c
0x00007f0fd7bf7580:   0000005d0000006e 00007f0fd7bf7730
0x00007f0fd7bf7590:   00007f1054380000 000000000000005b
0x00007f0fd7bf75a0:   00000000000005c0 00007f0fc8000020
0x00007f0fd7bf75b0:   00007f0fd7bf7644 00007f0fe42b4700
0x00007f0fd7bf75c0:   00007f0fc80254f0 79a579805d349c00
0x00007f0fd7bf75d0:   00007f0fd7bf7644 00007f0fd7bf7708
0x00007f0fd7bf75e0:   00007f0fc8047650 0000000000000000
0x00007f0fd7bf75f0:   00007f0fc802fb70 00007f0fe42b4700
0x00007f0fd7bf7600:   00007f0fc80254f0 00007f0fe42125a2
0x00007f0fd7bf7610:   00007f105bc93dc0 0000000000000000
0x00007f0fd7bf7620:   00000001d7bf7664 00007f0fc8024ec0
0x00007f0fd7bf7630:   00007f0fd7bf7710 0000000000000000
0x00007f0fd7bf7640:   0000000000000000 79a579805d349c00
0x00007f0fd7bf7650:   00007f0fc8047240 00007f0fc8025538
0x00007f0fd7bf7660:   0000000000000000 00007f0fc80255d8 

Instructions: (pc=0x00007f105a3b3009)
0x00007f105a3b2fe9:   ff eb ea 0f 1f 40 00 55 89 f2 48 89 e5 48 83 ec
0x00007f105a3b2ff9:   10 64 48 8b 04 25 28 00 00 00 48 89 45 f8 31 c0
0x00007f105a3b3009:   48 8b 07 48 8d 75 f0 ff 50 30 48 8b 4d f8 64 48
0x00007f105a3b3019:   33 0c 25 28 00 00 00 48 8b 45 f0 75 02 c9 c3 e8 


---------------  P R O C E S S  ---------------

Java Threads: ( => current thread )
  0x00007f0fc8039800 JavaThread "Image Fetcher 0" daemon [_thread_blocked, id=200938, stack(0x00007f0fd79fc000,0x00007f0fd7afd000)]
  0x00007f1054011000 JavaThread "DestroyJavaVM" [_thread_blocked, id=200907, stack(0x00007f105a7de000,0x00007f105a8de000)]
=>0x00007f1054380000 JavaThread "AWT-EventQueue-0" [_thread_in_native, id=200937, stack(0x00007f0fd7afd000,0x00007f0fd7bfe000)]
  0x00007f1054387800 JavaThread "AWT-Shutdown" [_thread_blocked, id=200936, stack(0x00007f0fd7bfe000,0x00007f0fd7cff000)]
  0x00007f10542c3800 JavaThread "AWT-XAWT" daemon [_thread_in_native, id=200932, stack(0x00007f0fd7eff000,0x00007f0fd8000000)]
  0x00007f10542a3800 JavaThread "Java2D Disposer" daemon [_thread_blocked, id=200931, stack(0x00007f0fe40fc000,0x00007f0fe41fd000)]
  0x00007f10541ed800 JavaThread "Service Thread" daemon [_thread_blocked, id=200929, stack(0x00007f1014160000,0x00007f1014261000)]
  0x00007f1054130000 JavaThread "Common-Cleaner" daemon [_thread_blocked, id=200928, stack(0x00007f1014261000,0x00007f1014362000)]
  0x00007f1054118000 JavaThread "Sweeper thread" daemon [_thread_blocked, id=200927, stack(0x00007f101478c000,0x00007f101488d000)]
  0x00007f1054116800 JavaThread "C1 CompilerThread2" daemon [_thread_blocked, id=200926, stack(0x00007f101488e000,0x00007f101498e000)]
  0x00007f1054114800 JavaThread "C2 CompilerThread1" daemon [_thread_blocked, id=200925, stack(0x00007f101498f000,0x00007f1014a8f000)]
  0x00007f1054112800 JavaThread "C2 CompilerThread0" daemon [_thread_blocked, id=200924, stack(0x00007f1014a90000,0x00007f1014b90000)]
  0x00007f105410e800 JavaThread "Signal Dispatcher" daemon [_thread_blocked, id=200923, stack(0x00007f103c04c000,0x00007f103c14d000)]
  0x00007f105410c000 JavaThread "Surrogate Locker Thread (Concurrent GC)" daemon [_thread_blocked, id=200922, stack(0x00007f103c14d000,0x00007f103c24e000)]
  0x00007f10540fa800 JavaThread "Finalizer" daemon [_thread_blocked, id=200921, stack(0x00007f103c24e000,0x00007f103c34f000)]
  0x00007f10540ef000 JavaThread "Reference Handler" daemon [_thread_blocked, id=200920, stack(0x00007f103c34f000,0x00007f103c450000)]

Other Threads:
  0x00007f10540e4800 VMThread [stack: 0x00007f103c451000,0x00007f103c551000] [id=200919]
  0x00007f105416b000 WatcherThread [stack: 0x00007f1014060000,0x00007f1014160000] [id=200930]

Threads with active compile tasks:

VM state:not at safepoint (normal execution)

VM Mutex/Monitor currently owned by a thread: None

heap address: 0x00000000c4000000, size: 960 MB, Compressed Oops mode: 32-bit
Narrow klass base: 0x0000000000000000, Narrow klass shift: 3
Compressed class space size: 1073741824 Address: 0x0000000100000000

Heap:
 garbage-first heap   total 61440K, used 6144K [0x00000000c4000000, 0x00000000c41001e0, 0x0000000100000000)
  region size 1024K, 7 young (7168K), 0 survivors (0K)
 Metaspace       used 12534K, capacity 12900K, committed 13184K, reserved 1060864K
  class space    used 1508K, capacity 1660K, committed 1664K, reserved 1048576K

Heap Regions: E=young(eden), S=young(survivor), O=old, HS=humongous(starts), HC=humongous(continues), CS=collection set, F=free, A=archive, TS=gc time stamp, AC=allocation context, TAMS=top-at-mark-start (previous, next)
|   0|0x00000000c4000000, 0x00000000c4000000, 0x00000000c4100000|  0%| F|  |TS  0|AC  0|TAMS 0x00000000c4000000, 0x00000000c4000000|
|   1|0x00000000c4100000, 0x00000000c4100000, 0x00000000c4200000|  0%| F|  |TS  0|AC  0|TAMS 0x00000000c4100000, 0x00000000c4100000|
|   2|0x00000000c4200000, 0x00000000c4200000, 0x00000000c4300000|  0%| F|  |TS  0|AC  0|TAMS 0x00000000c4200000, 0x00000000c4200000|
|   3|0x00000000c4300000, 0x00000000c4300000, 0x00000000c4400000|  0%| F|  |TS  0|AC  0|TAMS 0x00000000c4300000, 0x00000000c4300000|
|   4|0x00000000c4400000, 0x00000000c4400000, 0x00000000c4500000|  0%| F|  |TS  0|AC  0|TAMS 0x00000000c4400000, 0x00000000c4400000|
|   5|0x00000000c4500000, 0x00000000c4500000, 0x00000000c4600000|  0%| F|  |TS  0|AC  0|TAMS 0x00000000c4500000, 0x00000000c4500000|
|   6|0x00000000c4600000, 0x00000000c4600000, 0x00000000c4700000|  0%| F|  |TS  0|AC  0|TAMS 0x00000000c4600000, 0x00000000c4600000|
|   7|0x00000000c4700000, 0x00000000c4700000, 0x00000000c4800000|  0%| F|  |TS  0|AC  0|TAMS 0x00000000c4700000, 0x00000000c4700000|
|   8|0x00000000c4800000, 0x00000000c4800000, 0x00000000c4900000|  0%| F|  |TS  0|AC  0|TAMS 0x00000000c4800000, 0x00000000c4800000|
|   9|0x00000000c4900000, 0x00000000c4900000, 0x00000000c4a00000|  0%| F|  |TS  0|AC  0|TAMS 0x00000000c4900000, 0x00000000c4900000|
|  10|0x00000000c4a00000, 0x00000000c4a00000, 0x00000000c4b00000|  0%| F|  |TS  0|AC  0|TAMS 0x00000000c4a00000, 0x00000000c4a00000|
|  11|0x00000000c4b00000, 0x00000000c4b00000, 0x00000000c4c00000|  0%| F|  |TS  0|AC  0|TAMS 0x00000000c4b00000, 0x00000000c4b00000|
|  12|0x00000000c4c00000, 0x00000000c4c00000, 0x00000000c4d00000|  0%| F|  |TS  0|AC  0|TAMS 0x00000000c4c00000, 0x00000000c4c00000|
|  13|0x00000000c4d00000, 0x00000000c4d00000, 0x00000000c4e00000|  0%| F|  |TS  0|AC  0|TAMS 0x00000000c4d00000, 0x00000000c4d00000|
|  14|0x00000000c4e00000, 0x00000000c4e00000, 0x00000000c4f00000|  0%| F|  |TS  0|AC  0|TAMS 0x00000000c4e00000, 0x00000000c4e00000|
|  15|0x00000000c4f00000, 0x00000000c4f00000, 0x00000000c5000000|  0%| F|  |TS  0|AC  0|TAMS 0x00000000c4f00000, 0x00000000c4f00000|
|  16|0x00000000c5000000, 0x00000000c5000000, 0x00000000c5100000|  0%| F|  |TS  0|AC  0|TAMS 0x00000000c5000000, 0x00000000c5000000|
|  17|0x00000000c5100000, 0x00000000c5100000, 0x00000000c5200000|  0%| F|  |TS  0|AC  0|TAMS 0x00000000c5100000, 0x00000000c5100000|
|  18|0x00000000c5200000, 0x00000000c5200000, 0x00000000c5300000|  0%| F|  |TS  0|AC  0|TAMS 0x00000000c5200000, 0x00000000c5200000|
|  19|0x00000000c5300000, 0x00000000c5300000, 0x00000000c5400000|  0%| F|  |TS  0|AC  0|TAMS 0x00000000c5300000, 0x00000000c5300000|
|  20|0x00000000c5400000, 0x00000000c5400000, 0x00000000c5500000|  0%| F|  |TS  0|AC  0|TAMS 0x00000000c5400000, 0x00000000c5400000|
|  21|0x00000000c5500000, 0x00000000c5500000, 0x00000000c5600000|  0%| F|  |TS  0|AC  0|TAMS 0x00000000c5500000, 0x00000000c5500000|
|  22|0x00000000c5600000, 0x00000000c5600000, 0x00000000c5700000|  0%| F|  |TS  0|AC  0|TAMS 0x00000000c5600000, 0x00000000c5600000|
|  23|0x00000000c5700000, 0x00000000c5700000, 0x00000000c5800000|  0%| F|  |TS  0|AC  0|TAMS 0x00000000c5700000, 0x00000000c5700000|
|  24|0x00000000c5800000, 0x00000000c5800000, 0x00000000c5900000|  0%| F|  |TS  0|AC  0|TAMS 0x00000000c5800000, 0x00000000c5800000|
|  25|0x00000000c5900000, 0x00000000c5900000, 0x00000000c5a00000|  0%| F|  |TS  0|AC  0|TAMS 0x00000000c5900000, 0x00000000c5900000|
|  26|0x00000000c5a00000, 0x00000000c5a00000, 0x00000000c5b00000|  0%| F|  |TS  0|AC  0|TAMS 0x00000000c5a00000, 0x00000000c5a00000|
|  27|0x00000000c5b00000, 0x00000000c5b00000, 0x00000000c5c00000|  0%| F|  |TS  0|AC  0|TAMS 0x00000000c5b00000, 0x00000000c5b00000|
|  28|0x00000000c5c00000, 0x00000000c5c00000, 0x00000000c5d00000|  0%| F|  |TS  0|AC  0|TAMS 0x00000000c5c00000, 0x00000000c5c00000|
|  29|0x00000000c5d00000, 0x00000000c5d00000, 0x00000000c5e00000|  0%| F|  |TS  0|AC  0|TAMS 0x00000000c5d00000, 0x00000000c5d00000|
|  30|0x00000000c5e00000, 0x00000000c5e00000, 0x00000000c5f00000|  0%| F|  |TS  0|AC  0|TAMS 0x00000000c5e00000, 0x00000000c5e00000|
|  31|0x00000000c5f00000, 0x00000000c5f00000, 0x00000000c6000000|  0%| F|  |TS  0|AC  0|TAMS 0x00000000c5f00000, 0x00000000c5f00000|
|  32|0x00000000c6000000, 0x00000000c6000000, 0x00000000c6100000|  0%| F|  |TS  0|AC  0|TAMS 0x00000000c6000000, 0x00000000c6000000|
|  33|0x00000000c6100000, 0x00000000c6100000, 0x00000000c6200000|  0%| F|  |TS  0|AC  0|TAMS 0x00000000c6100000, 0x00000000c6100000|
|  34|0x00000000c6200000, 0x00000000c6200000, 0x00000000c6300000|  0%| F|  |TS  0|AC  0|TAMS 0x00000000c6200000, 0x00000000c6200000|
|  35|0x00000000c6300000, 0x00000000c6300000, 0x00000000c6400000|  0%| F|  |TS  0|AC  0|TAMS 0x00000000c6300000, 0x00000000c6300000|
|  36|0x00000000c6400000, 0x00000000c6400000, 0x00000000c6500000|  0%| F|  |TS  0|AC  0|TAMS 0x00000000c6400000, 0x00000000c6400000|
|  37|0x00000000c6500000, 0x00000000c6500000, 0x00000000c6600000|  0%| F|  |TS  0|AC  0|TAMS 0x00000000c6500000, 0x00000000c6500000|
|  38|0x00000000c6600000, 0x00000000c6600000, 0x00000000c6700000|  0%| F|  |TS  0|AC  0|TAMS 0x00000000c6600000, 0x00000000c6600000|
|  39|0x00000000c6700000, 0x00000000c6700000, 0x00000000c6800000|  0%| F|  |TS  0|AC  0|TAMS 0x00000000c6700000, 0x00000000c6700000|
|  40|0x00000000c6800000, 0x00000000c6800000, 0x00000000c6900000|  0%| F|  |TS  0|AC  0|TAMS 0x00000000c6800000, 0x00000000c6800000|
|  41|0x00000000c6900000, 0x00000000c6900000, 0x00000000c6a00000|  0%| F|  |TS  0|AC  0|TAMS 0x00000000c6900000, 0x00000000c6900000|
|  42|0x00000000c6a00000, 0x00000000c6a00000, 0x00000000c6b00000|  0%| F|  |TS  0|AC  0|TAMS 0x00000000c6a00000, 0x00000000c6a00000|
|  43|0x00000000c6b00000, 0x00000000c6b00000, 0x00000000c6c00000|  0%| F|  |TS  0|AC  0|TAMS 0x00000000c6b00000, 0x00000000c6b00000|
|  44|0x00000000c6c00000, 0x00000000c6c00000, 0x00000000c6d00000|  0%| F|  |TS  0|AC  0|TAMS 0x00000000c6c00000, 0x00000000c6c00000|
|  45|0x00000000c6d00000, 0x00000000c6d00000, 0x00000000c6e00000|  0%| F|  |TS  0|AC  0|TAMS 0x00000000c6d00000, 0x00000000c6d00000|
|  46|0x00000000c6e00000, 0x00000000c6e00000, 0x00000000c6f00000|  0%| F|  |TS  0|AC  0|TAMS 0x00000000c6e00000, 0x00000000c6e00000|
|  47|0x00000000c6f00000, 0x00000000c6f00000, 0x00000000c7000000|  0%| F|  |TS  0|AC  0|TAMS 0x00000000c6f00000, 0x00000000c6f00000|
|  48|0x00000000c7000000, 0x00000000c7000000, 0x00000000c7100000|  0%| F|  |TS  0|AC  0|TAMS 0x00000000c7000000, 0x00000000c7000000|
|  49|0x00000000c7100000, 0x00000000c7100000, 0x00000000c7200000|  0%| F|  |TS  0|AC  0|TAMS 0x00000000c7100000, 0x00000000c7100000|
|  50|0x00000000c7200000, 0x00000000c7200000, 0x00000000c7300000|  0%| F|  |TS  0|AC  0|TAMS 0x00000000c7200000, 0x00000000c7200000|
|  51|0x00000000c7300000, 0x00000000c7300000, 0x00000000c7400000|  0%| F|  |TS  0|AC  0|TAMS 0x00000000c7300000, 0x00000000c7300000|
|  52|0x00000000c7400000, 0x00000000c7400000, 0x00000000c7500000|  0%| F|  |TS  0|AC  0|TAMS 0x00000000c7400000, 0x00000000c7400000|
|  53|0x00000000c7500000, 0x00000000c75b3c10, 0x00000000c7600000| 70%| E|  |TS  0|AC  0|TAMS 0x00000000c7500000, 0x00000000c7500000|
|  54|0x00000000c7600000, 0x00000000c7700000, 0x00000000c7700000|100%| E|CS|TS  0|AC  0|TAMS 0x00000000c7600000, 0x00000000c7600000|
|  55|0x00000000c7700000, 0x00000000c7800000, 0x00000000c7800000|100%| E|CS|TS  0|AC  0|TAMS 0x00000000c7700000, 0x00000000c7700000|
|  56|0x00000000c7800000, 0x00000000c7900000, 0x00000000c7900000|100%| E|CS|TS  0|AC  0|TAMS 0x00000000c7800000, 0x00000000c7800000|
|  57|0x00000000c7900000, 0x00000000c7a00000, 0x00000000c7a00000|100%| E|CS|TS  0|AC  0|TAMS 0x00000000c7900000, 0x00000000c7900000|
|  58|0x00000000c7a00000, 0x00000000c7b00000, 0x00000000c7b00000|100%| E|CS|TS  0|AC  0|TAMS 0x00000000c7a00000, 0x00000000c7a00000|
|  59|0x00000000c7b00000, 0x00000000c7c00000, 0x00000000c7c00000|100%| E|CS|TS  0|AC  0|TAMS 0x00000000c7b00000, 0x00000000c7b00000|

Card table byte_map: [0x00007f1058aaa000,0x00007f1058c8a000] byte_map_base: 0x00007f105848a000

Marking Bits (Prev, Next): (CMBitMap*) 0x00007f105404c610, (CMBitMap*) 0x00007f105404c668
 Prev Bits: [0x00007f103cd51000, 0x00007f103dc51000)
 Next Bits: [0x00007f1017100000, 0x00007f1018000000)

Polling page: 0x00007f105c241000

CodeHeap 'non-nmethods': size=5696Kb used=1265Kb max_used=1265Kb free=4430Kb
 bounds [0x00007f103dc51000, 0x00007f103dec1000, 0x00007f103e1e1000]
CodeHeap 'profiled nmethods': size=120032Kb used=1096Kb max_used=1096Kb free=118935Kb
 bounds [0x00007f103e1e1000, 0x00007f103e451000, 0x00007f1045719000]
CodeHeap 'non-profiled nmethods': size=120032Kb used=193Kb max_used=193Kb free=119838Kb
 bounds [0x00007f1045719000, 0x00007f1045989000, 0x00007f104cc51000]
 total_blobs=1321 nmethods=640 adapters=450
 compilation: enabled

Compilation events (10 events):
Event: 5.348 Thread 0x00007f1054116800  637       3       java.lang.Long::compareTo (9 bytes)
Event: 5.349 Thread 0x00007f1054116800 nmethod 637 0x00007f103e2f1d90 code [0x00007f103e2f1f20, 0x00007f103e2f2370]
Event: 5.349 Thread 0x00007f1054116800  638       1       sun.awt.X11.XAtom::getAtom (5 bytes)
Event: 5.349 Thread 0x00007f1054116800 nmethod 638 0x00007f1045749410 code [0x00007f1045749580, 0x00007f1045749690]
Event: 5.349 Thread 0x00007f1054116800  639       3       java.lang.Long::hashCode (8 bytes)
Event: 5.349 Thread 0x00007f1054116800 nmethod 639 0x00007f103e2f2490 code [0x00007f103e2f2600, 0x00007f103e2f27d0]
Event: 5.485 Thread 0x00007f1054116800  640       3       java.util.Objects::checkIndex (7 bytes)
Event: 5.485 Thread 0x00007f1054116800 nmethod 640 0x00007f103e2f2890 code [0x00007f103e2f2a20, 0x00007f103e2f2c68]
Event: 5.485 Thread 0x00007f1054116800  641       3       java.util.Objects::checkIndex (18 bytes)
Event: 5.486 Thread 0x00007f1054116800 nmethod 641 0x00007f103e2f2d90 code [0x00007f103e2f2f20, 0x00007f103e2f3108]

GC Heap History (0 events):
No events

Deoptimization events (10 events):
Event: 4.734 Thread 0x00007f1054011000 Uncommon trap: reason=unstable_if action=reinterpret pc=0x00007f1045724dd0 method=java.util.HashMap.hash(Ljava/lang/Object;)I @ 1
Event: 4.734 Thread 0x00007f1054011000 Uncommon trap: reason=unstable_if action=reinterpret pc=0x00007f104571d408 method=java.util.HashMap.hash(Ljava/lang/Object;)I @ 1
Event: 4.790 Thread 0x00007f1054011000 Uncommon trap: reason=bimorphic_or_optimized_type_check action=maybe_recompile pc=0x00007f104573fcac method=java.util.HashMap.putVal(ILjava/lang/Object;Ljava/lang/Object;ZZ)Ljava/lang/Object; @ 91
Event: 4.790 Thread 0x00007f1054011000 Uncommon trap: reason=bimorphic_or_optimized_type_check action=maybe_recompile pc=0x00007f104573fcac method=java.util.HashMap.putVal(ILjava/lang/Object;Ljava/lang/Object;ZZ)Ljava/lang/Object; @ 91
Event: 4.791 Thread 0x00007f1054011000 Uncommon trap: reason=bimorphic_or_optimized_type_check action=maybe_recompile pc=0x00007f104573fcac method=java.util.HashMap.putVal(ILjava/lang/Object;Ljava/lang/Object;ZZ)Ljava/lang/Object; @ 91
Event: 4.792 Thread 0x00007f1054011000 Uncommon trap: reason=bimorphic_or_optimized_type_check action=maybe_recompile pc=0x00007f104573fcac method=java.util.HashMap.putVal(ILjava/lang/Object;Ljava/lang/Object;ZZ)Ljava/lang/Object; @ 91
Event: 4.806 Thread 0x00007f1054011000 Uncommon trap: reason=unstable_if action=reinterpret pc=0x00007f1045742278 method=java.util.HashMap.getNode(ILjava/lang/Object;)Ljava/util/HashMap$Node; @ 62
Event: 4.811 Thread 0x00007f1054011000 Uncommon trap: reason=unstable_fused_if action=reinterpret pc=0x00007f1045735f74 method=java.util.HashMap.resize()[Ljava/util/HashMap$Node; @ 31
Event: 5.014 Thread 0x00007f1054380000 Uncommon trap: reason=unstable_if action=reinterpret pc=0x00007f104574350c method=java.util.HashMap.getNode(ILjava/lang/Object;)Ljava/util/HashMap$Node; @ 84
Event: 5.160 Thread 0x00007f1054380000 Uncommon trap: reason=unstable_fused_if action=reinterpret pc=0x00007f104572f25c method=jdk.internal.org.objectweb.asm.ByteVector.putUTF8(Ljava/lang/String;)Ljdk/internal/org/objectweb/asm/ByteVector; @ 91

Classes redefined (0 events):
No events

Internal exceptions (10 events):
Event: 4.711 Thread 0x00007f1054011000 Exception <a 'java/lang/ClassNotFoundException': javax/swing/JTreeCell> (0x00000000c76544d0) thrown at [/build/openjdk-9-argm_o/openjdk-9-9~b114/src/hotspot/src/share/vm/classfile/systemDictionary.cpp, line 224]
Event: 4.711 Thread 0x00007f1054011000 Exception <a 'java/lang/ClassNotFoundException': TreeCell> (0x00000000c7654710) thrown at [/build/openjdk-9-argm_o/openjdk-9-9~b114/src/hotspot/src/share/vm/classfile/systemDictionary.cpp, line 224]
Event: 4.712 Thread 0x00007f1054011000 Exception <a 'java/lang/ClassNotFoundException': RootPane> (0x00000000c7654e90) thrown at [/build/openjdk-9-argm_o/openjdk-9-9~b114/src/hotspot/src/share/vm/classfile/systemDictionary.cpp, line 224]
Event: 4.734 Thread 0x00007f1054011000 Implicit null exception at 0x00007f1045724d38 to 0x00007f1045724dc6
Event: 4.734 Thread 0x00007f1054011000 Implicit null exception at 0x00007f104571d38f to 0x00007f104571d3f9
Event: 4.785 Thread 0x00007f1054011000 Exception <a 'java/lang/ClassNotFoundException': com/sun/swing/internal/plaf/metal/resources/metalProvider> (0x00000000c7657ad0) thrown at [/build/openjdk-9-argm_o/openjdk-9-9~b114/src/hotspot/src/share/vm/classfile/systemDictionary.cpp, line 224]
Event: 4.787 Thread 0x00007f1054011000 Exception <a 'java/lang/ClassNotFoundException': com/sun/swing/internal/plaf/basic/resources/basicProvider> (0x00000000c765b100) thrown at [/build/openjdk-9-argm_o/openjdk-9-9~b114/src/hotspot/src/share/vm/classfile/systemDictionary.cpp, line 224]
Event: 4.893 Thread 0x00007f1054380000 Exception <a 'java/lang/ClassNotFoundException': com/sun/swing/internal/plaf/synth/resources/synthProvider> (0x00000000c76c70d0) thrown at [/build/openjdk-9-argm_o/openjdk-9-9~b114/src/hotspot/src/share/vm/classfile/systemDictionary.cpp, line 224]
Event: 4.895 Thread 0x00007f1054380000 Exception <a 'java/lang/ClassNotFoundException': com/sun/swing/internal/plaf/basic/resources/basicProvider> (0x00000000c76c9710) thrown at [/build/openjdk-9-argm_o/openjdk-9-9~b114/src/hotspot/src/share/vm/classfile/systemDictionary.cpp, line 224]
Event: 5.098 Thread 0x00007f0fc8039800 Exception <a 'java/io/FileNotFoundException'> (0x00000000c756c430) thrown at [/build/openjdk-9-argm_o/openjdk-9-9~b114/src/hotspot/src/share/vm/prims/jni.cpp, line 605]

Events (10 events):
Event: 5.503 loading class sun/font/StrikeCache$DisposableStrike done
Event: 5.503 loading class sun/font/StrikeCache$SoftDisposerRef done
Event: 5.503 loading class sun/font/FileFontStrike
Event: 5.504 loading class sun/font/FileFontStrike done
Event: 5.504 Executing VM operation: RevokeBias
Event: 5.504 Executing VM operation: RevokeBias done
Event: 5.504 loading class sun/font/FontScaler
Event: 5.504 loading class sun/font/FontScaler done
Event: 5.505 loading class sun/font/FreetypeFontScaler
Event: 5.505 loading class sun/font/FreetypeFontScaler done


Dynamic libraries:
00400000-00401000 r-xp 00000000 08:02 2491201                            /usr/lib/jvm/java-9-openjdk-amd64/bin/java
00600000-00601000 r--p 00000000 08:02 2491201                            /usr/lib/jvm/java-9-openjdk-amd64/bin/java
00601000-00602000 rw-p 00001000 08:02 2491201                            /usr/lib/jvm/java-9-openjdk-amd64/bin/java
01847000-01868000 rw-p 00000000 00:00 0                                  [heap]
c4000000-c7c00000 rw-p 00000000 00:00 0 
c7c00000-100000000 ---p 00000000 00:00 0 
100000000-1001a0000 rw-p 00000000 00:00 0 
1001a0000-140000000 ---p 00000000 00:00 0 
7f0fbc000000-7f0fbc021000 rw-p 00000000 00:00 0 
7f0fbc021000-7f0fc0000000 ---p 00000000 00:00 0 
7f0fc4000000-7f0fc4021000 rw-p 00000000 00:00 0 
7f0fc4021000-7f0fc8000000 ---p 00000000 00:00 0 
7f0fc8000000-7f0fc8055000 rw-p 00000000 00:00 0 
7f0fc8055000-7f0fcc000000 ---p 00000000 00:00 0 
7f0fcc000000-7f0fcc021000 rw-p 00000000 00:00 0 
7f0fcc021000-7f0fd0000000 ---p 00000000 00:00 0 
7f0fd0000000-7f0fd0021000 rw-p 00000000 00:00 0 
7f0fd0021000-7f0fd4000000 ---p 00000000 00:00 0 
7f0fd77fc000-7f0fd793c000 rw-p 00000000 00:00 0 
7f0fd793c000-7f0fd79fc000 ---p 00000000 00:00 0 
7f0fd79fc000-7f0fd7a00000 ---p 00000000 00:00 0 
7f0fd7a00000-7f0fd7afd000 rw-p 00000000 00:00 0 
7f0fd7afd000-7f0fd7b01000 ---p 00000000 00:00 0 
7f0fd7b01000-7f0fd7bfe000 rw-p 00000000 00:00 0 
7f0fd7bfe000-7f0fd7c02000 ---p 00000000 00:00 0 
7f0fd7c02000-7f0fd7eff000 rw-p 00000000 00:00 0 
7f0fd7eff000-7f0fd7f03000 ---p 00000000 00:00 0 
7f0fd7f03000-7f0fd8000000 rw-p 00000000 00:00 0 
7f0fd8000000-7f0fd8021000 rw-p 00000000 00:00 0 
7f0fd8021000-7f0fdc000000 ---p 00000000 00:00 0 
7f0fdc000000-7f0fdc021000 rw-p 00000000 00:00 0 
7f0fdc021000-7f0fe0000000 ---p 00000000 00:00 0 
7f0fe0000000-7f0fe0021000 rw-p 00000000 00:00 0 
7f0fe0021000-7f0fe4000000 ---p 00000000 00:00 0 
7f0fe4053000-7f0fe405e000 r--s 00000000 08:02 13391326                   /var/cache/fontconfig/894f5ba6-c3f4-40c0-9ba2-bf5223902ec3-le64.cache-7
7f0fe405e000-7f0fe406a000 r--s 00000000 08:02 13375663                   /var/cache/fontconfig/8f5a29ca-3c8f-4c37-888f-7b206a6af0cf-le64.cache-7
7f0fe406a000-7f0fe4070000 r--s 00000000 08:02 13391324                   /var/cache/fontconfig/e37c1d6b-ab66-41fc-b104-e55c8d4ba6f1-le64.cache-7
7f0fe4070000-7f0fe4071000 r--s 00000000 08:02 13391323                   /var/cache/fontconfig/6f515ea6-18da-42d6-b0fa-1e6bb815367b-le64.cache-7
7f0fe4071000-7f0fe4087000 r--s 00000000 08:02 13391322                   /var/cache/fontconfig/c936bcb0-0d4c-488b-900b-4b26b8af34bd-le64.cache-7
7f0fe4087000-7f0fe4088000 r--s 00000000 08:02 13391321                   /var/cache/fontconfig/0ffffab8-52fd-4370-b678-03c4a5e58cb8-le64.cache-7
7f0fe4088000-7f0fe4089000 r--s 00000000 08:02 13391320                   /var/cache/fontconfig/41aa2e09-4283-415e-b6d0-3a4b0dc33519-le64.cache-7
7f0fe4089000-7f0fe408b000 r--s 00000000 08:02 13391319                   /var/cache/fontconfig/ce6b3638-cae1-43f0-b76a-f56e1f0f88c0-le64.cache-7
7f0fe408b000-7f0fe408c000 r--s 00000000 08:02 13391318                   /var/cache/fontconfig/a373d4b8-6221-405e-9ea1-8220682742c8-le64.cache-7
7f0fe408c000-7f0fe408e000 r--s 00000000 08:02 13391317                   /var/cache/fontconfig/178b85da-e73f-400f-92d8-f4784126efd2-le64.cache-7
7f0fe408e000-7f0fe4090000 r--s 00000000 08:02 13391316                   /var/cache/fontconfig/4bec7a48-cce0-4103-8d79-61e5265ab28f-le64.cache-7
7f0fe4090000-7f0fe4091000 r--s 00000000 08:02 13391315                   /var/cache/fontconfig/588486fa-84b7-4205-ae31-cad7eb642f09-le64.cache-7
7f0fe4091000-7f0fe4093000 r--s 00000000 08:02 13391314                   /var/cache/fontconfig/8ceffcc1-7f97-43f7-95d8-dac2162eb8f9-le64.cache-7
7f0fe4093000-7f0fe4098000 r--s 00000000 08:02 13391313                   /var/cache/fontconfig/2744fe3a-4ad0-48ae-89bb-b284bb5c10b7-le64.cache-7
7f0fe4098000-7f0fe4099000 r--s 00000000 08:02 13391312                   /var/cache/fontconfig/d7976193-0b96-4728-8530-3f6b7061ecf2-le64.cache-7
7f0fe4099000-7f0fe409a000 r--s 00000000 08:02 13391311                   /var/cache/fontconfig/824ff851-24bc-42c5-953a-de7d326d0bc0-le64.cache-7
7f0fe409a000-7f0fe409b000 r--s 00000000 08:02 13391310                   /var/cache/fontconfig/5f76e106-3b03-4cd0-969b-633daccb8232-le64.cache-7
7f0fe409b000-7f0fe409c000 r--s 00000000 08:02 13391309                   /var/cache/fontconfig/c11b500a-9f8f-4a7f-8331-e361a40cb4e8-le64.cache-7
7f0fe409c000-7f0fe409d000 r--s 00000000 08:02 13391308                   /var/cache/fontconfig/7078653d-9af3-467e-b40f-f1018c09e4e5-le64.cache-7
7f0fe409d000-7f0fe409e000 r--s 00000000 08:02 13391307                   /var/cache/fontconfig/02ad98d3-8bab-4ad0-a173-8c4f220c2179-le64.cache-7
7f0fe409e000-7f0fe409f000 r--s 00000000 08:02 13391306                   /var/cache/fontconfig/bff73c54-76f8-4522-914d-82afa802da12-le64.cache-7
7f0fe409f000-7f0fe40a0000 r--s 00000000 08:02 13391305                   /var/cache/fontconfig/bb23f643-3008-4c40-ad9d-174aaf1473f3-le64.cache-7
7f0fe40a0000-7f0fe40a1000 r--s 00000000 08:02 13391304                   /var/cache/fontconfig/260bc4f1-04fa-4e43-ad38-3d19e0d34f4a-le64.cache-7
7f0fe40a1000-7f0fe40a2000 r--s 00000000 08:02 13391303                   /var/cache/fontconfig/0370692c-99ab-42ec-a194-0020ddcbaa1f-le64.cache-7
7f0fe40a2000-7f0fe40a3000 r--s 00000000 08:02 13391302                   /var/cache/fontconfig/60d1a283-fd0c-4cf7-874b-ed953dfa415c-le64.cache-7
7f0fe40a3000-7f0fe40a8000 r--s 00000000 08:02 13391301                   /var/cache/fontconfig/18aaa399-35da-4f47-908c-c45938242080-le64.cache-7
7f0fe40a8000-7f0fe40af000 r--s 00000000 08:02 13391300                   /var/cache/fontconfig/984da1a1-c256-4cd2-98e1-9721e7e499fc-le64.cache-7
7f0fe40af000-7f0fe40c2000 r--s 00000000 08:02 13391296                   /var/cache/fontconfig/487f20e8-1bc6-42c4-b69a-0531aed4e7ff-le64.cache-7
7f0fe40c2000-7f0fe40ce000 r--s 00000000 08:02 13391283                   /var/cache/fontconfig/4a3f73a6-cba8-45b4-86b6-16a72c3af228-le64.cache-7
7f0fe40fc000-7f0fe4100000 ---p 00000000 00:00 0 
7f0fe4100000-7f0fe41fd000 rw-p 00000000 00:00 0 
7f0fe41fd000-7f0fe4209000 r--p 00000000 08:02 1048913                    /usr/lib/x86_64-linux-gnu/libfreetype.so.6.17.1
7f0fe4209000-7f0fe4289000 r-xp 0000c000 08:02 1048913                    /usr/lib/x86_64-linux-gnu/libfreetype.so.6.17.1
7f0fe4289000-7f0fe42b3000 r--p 0008c000 08:02 1048913                    /usr/lib/x86_64-linux-gnu/libfreetype.so.6.17.1
7f0fe42b3000-7f0fe42b4000 ---p 000b6000 08:02 1048913                    /usr/lib/x86_64-linux-gnu/libfreetype.so.6.17.1
7f0fe42b4000-7f0fe42bb000 r--p 000b6000 08:02 1048913                    /usr/lib/x86_64-linux-gnu/libfreetype.so.6.17.1
7f0fe42bb000-7f0fe42bc000 rw-p 000bd000 08:02 1048913                    /usr/lib/x86_64-linux-gnu/libfreetype.so.6.17.1
7f0fe42bc000-7f0fe4382000 r-xp 00000000 08:02 2888780                    /usr/lib/jvm/java-9-openjdk-amd64/lib/amd64/libfontmanager.so
7f0fe4382000-7f0fe4581000 ---p 000c6000 08:02 2888780                    /usr/lib/jvm/java-9-openjdk-amd64/lib/amd64/libfontmanager.so
7f0fe4581000-7f0fe4584000 r--p 000c5000 08:02 2888780                    /usr/lib/jvm/java-9-openjdk-amd64/lib/amd64/libfontmanager.so
7f0fe4584000-7f0fe4585000 rw-p 000c8000 08:02 2888780                    /usr/lib/jvm/java-9-openjdk-amd64/lib/amd64/libfontmanager.so
7f0fe4585000-7f0fe4586000 rw-p 00000000 00:00 0 
7f0fe4586000-7f0fe458b000 r-xp 00000000 08:02 1056400                    /usr/lib/x86_64-linux-gnu/libXtst.so.6.1.0
7f0fe458b000-7f0fe478a000 ---p 00005000 08:02 1056400                    /usr/lib/x86_64-linux-gnu/libXtst.so.6.1.0
7f0fe478a000-7f0fe478b000 r--p 00004000 08:02 1056400                    /usr/lib/x86_64-linux-gnu/libXtst.so.6.1.0
7f0fe478b000-7f0fe478c000 rw-p 00005000 08:02 1056400                    /usr/lib/x86_64-linux-gnu/libXtst.so.6.1.0
7f0fe478c000-7f0fe4795000 r-xp 00000000 08:02 1056394                    /usr/lib/x86_64-linux-gnu/libXrender.so.1.3.0
7f0fe4795000-7f0fe4994000 ---p 00009000 08:02 1056394                    /usr/lib/x86_64-linux-gnu/libXrender.so.1.3.0
7f0fe4994000-7f0fe4995000 r--p 00008000 08:02 1056394                    /usr/lib/x86_64-linux-gnu/libXrender.so.1.3.0
7f0fe4995000-7f0fe4996000 rw-p 00009000 08:02 1056394                    /usr/lib/x86_64-linux-gnu/libXrender.so.1.3.0
7f0fe4996000-7f0fe49ae000 r--p 00000000 08:02 1048708                    /usr/lib/x86_64-linux-gnu/libX11.so.6.3.0
7f0fe49ae000-7f0fe4a39000 r-xp 00018000 08:02 1048708                    /usr/lib/x86_64-linux-gnu/libX11.so.6.3.0
7f0fe4a39000-7f0fe4acd000 r--p 000a3000 08:02 1048708                    /usr/lib/x86_64-linux-gnu/libX11.so.6.3.0
7f0fe4acd000-7f0fe4ace000 ---p 00137000 08:02 1048708                    /usr/lib/x86_64-linux-gnu/libX11.so.6.3.0
7f0fe4ace000-7f0fe4acf000 r--p 00137000 08:02 1048708                    /usr/lib/x86_64-linux-gnu/libX11.so.6.3.0
7f0fe4acf000-7f0fe4ad3000 rw-p 00138000 08:02 1048708                    /usr/lib/x86_64-linux-gnu/libX11.so.6.3.0
7f0fe4ad3000-7f0fe4b2a000 r-xp 00000000 08:02 2888801                    /usr/lib/jvm/java-9-openjdk-amd64/lib/amd64/libawt_xawt.so
7f0fe4b2a000-7f0fe4d2a000 ---p 00057000 08:02 2888801                    /usr/lib/jvm/java-9-openjdk-amd64/lib/amd64/libawt_xawt.so
7f0fe4d2a000-7f0fe4d2b000 r--p 00057000 08:02 2888801                    /usr/lib/jvm/java-9-openjdk-amd64/lib/amd64/libawt_xawt.so
7f0fe4d2b000-7f0fe4d2e000 rw-p 00058000 08:02 2888801                    /usr/lib/jvm/java-9-openjdk-amd64/lib/amd64/libawt_xawt.so
7f0fe4d2e000-7f0fe4d2f000 rw-p 00000000 00:00 0 
7f0fe4d2f000-7f0fe4dcf000 r-xp 00000000 08:02 2888779                    /usr/lib/jvm/java-9-openjdk-amd64/lib/amd64/libawt.so
7f0fe4dcf000-7f0fe4fce000 ---p 000a0000 08:02 2888779                    /usr/lib/jvm/java-9-openjdk-amd64/lib/amd64/libawt.so
7f0fe4fce000-7f0fe4fcf000 r--p 0009f000 08:02 2888779                    /usr/lib/jvm/java-9-openjdk-amd64/lib/amd64/libawt.so
7f0fe4fcf000-7f0fe4fda000 rw-p 000a0000 08:02 2888779                    /usr/lib/jvm/java-9-openjdk-amd64/lib/amd64/libawt.so
7f0fe4fda000-7f0fe8000000 rw-p 00000000 00:00 0 
7f0fe8000000-7f0fe8202000 rw-p 00000000 00:00 0 
7f0fe8202000-7f0fec000000 ---p 00000000 00:00 0 
7f0fec000000-7f0fec021000 rw-p 00000000 00:00 0 
7f0fec021000-7f0ff0000000 ---p 00000000 00:00 0 
7f0ff0000000-7f0ff024a000 rw-p 00000000 00:00 0 
7f0ff024a000-7f0ff4000000 ---p 00000000 00:00 0 
7f0ff4000000-7f0ff42c9000 rw-p 00000000 00:00 0 
7f0ff42c9000-7f0ff8000000 ---p 00000000 00:00 0 
7f0ff8000000-7f0ff8021000 rw-p 00000000 00:00 0 
7f0ff8021000-7f0ffc000000 ---p 00000000 00:00 0 
7f0ffc000000-7f0ffc021000 rw-p 00000000 00:00 0 
7f0ffc021000-7f1000000000 ---p 00000000 00:00 0 
7f1000000000-7f1000021000 rw-p 00000000 00:00 0 
7f1000021000-7f1004000000 ---p 00000000 00:00 0 
7f1004000000-7f1004021000 rw-p 00000000 00:00 0 
7f1004021000-7f1008000000 ---p 00000000 00:00 0 
7f1008000000-7f1008021000 rw-p 00000000 00:00 0 
7f1008021000-7f100c000000 ---p 00000000 00:00 0 
7f100c000000-7f100c021000 rw-p 00000000 00:00 0 
7f100c021000-7f1010000000 ---p 00000000 00:00 0 
7f1010000000-7f1010021000 rw-p 00000000 00:00 0 
7f1010021000-7f1014000000 ---p 00000000 00:00 0 
7f1014000000-7f1014006000 r--s 00000000 08:02 13391297                   /var/cache/fontconfig/ad376684-75d4-408a-97fa-a0c576a3c0ae-le64.cache-7
7f1014006000-7f101400a000 r--s 00000000 08:02 13391295                   /var/cache/fontconfig/748ea769-2e0c-49ec-bdac-62080aa2ad2f-le64.cache-7
7f101400a000-7f1014018000 r--s 00000000 08:02 13391278                   /var/cache/fontconfig/149719c6-6776-493c-ad6d-e9c85e9059c6-le64.cache-7
7f101405f000-7f1014060000 ---p 00000000 00:00 0 
7f1014060000-7f1014160000 rw-p 00000000 00:00 0 
7f1014160000-7f1014164000 ---p 00000000 00:00 0 
7f1014164000-7f1014261000 rw-p 00000000 00:00 0 
7f1014261000-7f1014265000 ---p 00000000 00:00 0 
7f1014265000-7f1014362000 rw-p 00000000 00:00 0 
7f1014362000-7f1014378000 r-xp 00000000 08:02 2888781                    /usr/lib/jvm/java-9-openjdk-amd64/lib/amd64/libnet.so
7f1014378000-7f1014577000 ---p 00016000 08:02 2888781                    /usr/lib/jvm/java-9-openjdk-amd64/lib/amd64/libnet.so
7f1014577000-7f1014578000 r--p 00015000 08:02 2888781                    /usr/lib/jvm/java-9-openjdk-amd64/lib/amd64/libnet.so
7f1014578000-7f1014579000 rw-p 00016000 08:02 2888781                    /usr/lib/jvm/java-9-openjdk-amd64/lib/amd64/libnet.so
7f1014579000-7f101458a000 r-xp 00000000 08:02 2888802                    /usr/lib/jvm/java-9-openjdk-amd64/lib/amd64/libnio.so
7f101458a000-7f101478a000 ---p 00011000 08:02 2888802                    /usr/lib/jvm/java-9-openjdk-amd64/lib/amd64/libnio.so
7f101478a000-7f101478b000 r--p 00011000 08:02 2888802                    /usr/lib/jvm/java-9-openjdk-amd64/lib/amd64/libnio.so
7f101478b000-7f101478c000 rw-p 00012000 08:02 2888802                    /usr/lib/jvm/java-9-openjdk-amd64/lib/amd64/libnio.so
7f101478c000-7f1014790000 ---p 00000000 00:00 0 
7f1014790000-7f101488d000 rw-p 00000000 00:00 0 
7f101488d000-7f101488e000 ---p 00000000 00:00 0 
7f101488e000-7f1014892000 ---p 00000000 00:00 0 
7f1014892000-7f101498e000 rw-p 00000000 00:00 0 
7f101498e000-7f101498f000 ---p 00000000 00:00 0 
7f101498f000-7f1014993000 ---p 00000000 00:00 0 
7f1014993000-7f1014a8f000 rw-p 00000000 00:00 0 
7f1014a8f000-7f1014a90000 ---p 00000000 00:00 0 
7f1014a90000-7f1014a94000 ---p 00000000 00:00 0 
7f1014a94000-7f1014b90000 rw-p 00000000 00:00 0 
7f1014b90000-7f1015100000 r--p 00000000 08:02 1049374                    /usr/lib/locale/locale-archive
7f1015100000-7f10171f0000 rw-p 00000000 00:00 0 
7f10171f0000-7f1018000000 ---p 00000000 00:00 0 
7f1018000000-7f1018021000 rw-p 00000000 00:00 0 
7f1018021000-7f101c000000 ---p 00000000 00:00 0 
7f101c000000-7f101c021000 rw-p 00000000 00:00 0 
7f101c021000-7f1020000000 ---p 00000000 00:00 0 
7f1020000000-7f1020021000 rw-p 00000000 00:00 0 
7f1020021000-7f1024000000 ---p 00000000 00:00 0 
7f1024000000-7f1024021000 rw-p 00000000 00:00 0 
7f1024021000-7f1028000000 ---p 00000000 00:00 0 
7f1028000000-7f1028021000 rw-p 00000000 00:00 0 
7f1028021000-7f102c000000 ---p 00000000 00:00 0 
7f102c000000-7f102c021000 rw-p 00000000 00:00 0 
7f102c021000-7f1030000000 ---p 00000000 00:00 0 
7f1030000000-7f1030021000 rw-p 00000000 00:00 0 
7f1030021000-7f1034000000 ---p 00000000 00:00 0 
7f1034000000-7f1034021000 rw-p 00000000 00:00 0 
7f1034021000-7f1038000000 ---p 00000000 00:00 0 
7f1038000000-7f1038021000 rw-p 00000000 00:00 0 
7f1038021000-7f103c000000 ---p 00000000 00:00 0 
7f103c000000-7f103c001000 r--s 00000000 08:02 13391299                   /var/cache/fontconfig/36537a4c-a7e0-437e-a53a-c469ab7f62d0-le64.cache-7
7f103c001000-7f103c002000 r--s 00000000 08:02 13391298                   /var/cache/fontconfig/79d8bc4a-4caf-462e-91e6-ec0e0e8d2711-le64.cache-7
7f103c002000-7f103c003000 r--s 00000000 08:02 13391294                   /var/cache/fontconfig/8e5e2fae-cac8-43c6-aa88-7e516bd95b75-le64.cache-7
7f103c00c000-7f103c00e000 r--p 00000000 08:02 1056381                    /usr/lib/x86_64-linux-gnu/libXfixes.so.3.1.0
7f103c00e000-7f103c011000 r-xp 00002000 08:02 1056381                    /usr/lib/x86_64-linux-gnu/libXfixes.so.3.1.0
7f103c011000-7f103c012000 r--p 00005000 08:02 1056381                    /usr/lib/x86_64-linux-gnu/libXfixes.so.3.1.0
7f103c012000-7f103c013000 r--p 00005000 08:02 1056381                    /usr/lib/x86_64-linux-gnu/libXfixes.so.3.1.0
7f103c013000-7f103c014000 rw-p 00006000 08:02 1056381                    /usr/lib/x86_64-linux-gnu/libXfixes.so.3.1.0
7f103c014000-7f103c019000 r--p 00000000 08:02 1055109                    /usr/lib/x86_64-linux-gnu/libpng16.so.16.37.0
7f103c019000-7f103c03e000 r-xp 00005000 08:02 1055109                    /usr/lib/x86_64-linux-gnu/libpng16.so.16.37.0
7f103c03e000-7f103c04a000 r--p 0002a000 08:02 1055109                    /usr/lib/x86_64-linux-gnu/libpng16.so.16.37.0
7f103c04a000-7f103c04b000 r--p 00035000 08:02 1055109                    /usr/lib/x86_64-linux-gnu/libpng16.so.16.37.0
7f103c04b000-7f103c04c000 rw-p 00036000 08:02 1055109                    /usr/lib/x86_64-linux-gnu/libpng16.so.16.37.0
7f103c04c000-7f103c050000 ---p 00000000 00:00 0 
7f103c050000-7f103c14d000 rw-p 00000000 00:00 0 
7f103c14d000-7f103c151000 ---p 00000000 00:00 0 
7f103c151000-7f103c24e000 rw-p 00000000 00:00 0 
7f103c24e000-7f103c252000 ---p 00000000 00:00 0 
7f103c252000-7f103c34f000 rw-p 00000000 00:00 0 
7f103c34f000-7f103c353000 ---p 00000000 00:00 0 
7f103c353000-7f103c450000 rw-p 00000000 00:00 0 
7f103c450000-7f103c451000 ---p 00000000 00:00 0 
7f103c451000-7f103ce41000 rw-p 00000000 00:00 0 
7f103ce41000-7f103dc51000 ---p 00000000 00:00 0 
7f103dc51000-7f103dec1000 rwxp 00000000 00:00 0 
7f103dec1000-7f103e1e1000 ---p 00000000 00:00 0 
7f103e1e1000-7f103e451000 rwxp 00000000 00:00 0 
7f103e451000-7f1045719000 ---p 00000000 00:00 0 
7f1045719000-7f1045989000 rwxp 00000000 00:00 0 
7f1045989000-7f104cc51000 ---p 00000000 00:00 0 
7f104cc51000-7f1054000000 r--s 00000000 08:02 2627788                    /usr/lib/jvm/java-9-openjdk-amd64/lib/modules
7f1054000000-7f105439b000 rw-p 00000000 00:00 0 
7f105439b000-7f1058000000 ---p 00000000 00:00 0 
7f1058000000-7f1058001000 r--s 00000000 08:02 13391293                   /var/cache/fontconfig/378466b2-92a8-48ed-932a-6b2d26846478-le64.cache-7
7f1058001000-7f1058002000 r--s 00000000 08:02 13391292                   /var/cache/fontconfig/d3e08e06-0dc5-4f35-873e-44bcb5c0e4c8-le64.cache-7
7f1058002000-7f1058005000 r--s 00000000 08:02 13391290                   /var/cache/fontconfig/86c11102-5937-488e-8c92-88c93be54c5a-le64.cache-7
7f1058005000-7f1058007000 r--s 00000000 08:02 13391289                   /var/cache/fontconfig/05cbcf31-182a-4927-9f90-5fb2415762f6-le64.cache-7
7f1058007000-7f105800a000 r--p 00000000 08:02 1049962                    /usr/lib/x86_64-linux-gnu/libXcursor.so.1.0.2
7f105800a000-7f1058010000 r-xp 00003000 08:02 1049962                    /usr/lib/x86_64-linux-gnu/libXcursor.so.1.0.2
7f1058010000-7f1058012000 r--p 00009000 08:02 1049962                    /usr/lib/x86_64-linux-gnu/libXcursor.so.1.0.2
7f1058012000-7f1058013000 r--p 0000a000 08:02 1049962                    /usr/lib/x86_64-linux-gnu/libXcursor.so.1.0.2
7f1058013000-7f1058014000 rw-p 0000b000 08:02 1049962                    /usr/lib/x86_64-linux-gnu/libXcursor.so.1.0.2
7f1058014000-7f1058018000 r--p 00000000 08:02 1048672                    /usr/lib/x86_64-linux-gnu/libbsd.so.0.10.0
7f1058018000-7f1058027000 r-xp 00004000 08:02 1048672                    /usr/lib/x86_64-linux-gnu/libbsd.so.0.10.0
7f1058027000-7f105802a000 r--p 00013000 08:02 1048672                    /usr/lib/x86_64-linux-gnu/libbsd.so.0.10.0
7f105802a000-7f105802b000 ---p 00016000 08:02 1048672                    /usr/lib/x86_64-linux-gnu/libbsd.so.0.10.0
7f105802b000-7f105802c000 r--p 00016000 08:02 1048672                    /usr/lib/x86_64-linux-gnu/libbsd.so.0.10.0
7f105802c000-7f105802d000 rw-p 00017000 08:02 1048672                    /usr/lib/x86_64-linux-gnu/libbsd.so.0.10.0
7f105802d000-7f105802e000 rw-p 00000000 00:00 0 
7f105802e000-7f1058039000 r--p 00000000 08:02 1057151                    /usr/lib/x86_64-linux-gnu/libxcb.so.1.1.0
7f1058039000-7f105804d000 r-xp 0000b000 08:02 1057151                    /usr/lib/x86_64-linux-gnu/libxcb.so.1.1.0
7f105804d000-7f1058056000 r--p 0001f000 08:02 1057151                    /usr/lib/x86_64-linux-gnu/libxcb.so.1.1.0
7f1058056000-7f1058057000 r--p 00027000 08:02 1057151                    /usr/lib/x86_64-linux-gnu/libxcb.so.1.1.0
7f1058057000-7f1058058000 rw-p 00028000 08:02 1057151                    /usr/lib/x86_64-linux-gnu/libxcb.so.1.1.0
7f1058058000-7f105805a000 r--p 00000000 08:02 1056409                    /usr/lib/x86_64-linux-gnu/libXi.so.6.1.0
7f105805a000-7f1058065000 r-xp 00002000 08:02 1056409                    /usr/lib/x86_64-linux-gnu/libXi.so.6.1.0
7f1058065000-7f1058068000 r--p 0000d000 08:02 1056409                    /usr/lib/x86_64-linux-gnu/libXi.so.6.1.0
7f1058068000-7f1058069000 r--p 0000f000 08:02 1056409                    /usr/lib/x86_64-linux-gnu/libXi.so.6.1.0
7f1058069000-7f105806a000 rw-p 00010000 08:02 1056409                    /usr/lib/x86_64-linux-gnu/libXi.so.6.1.0
7f105806a000-7f105806e000 r--p 00000000 08:02 1057055                    /usr/lib/x86_64-linux-gnu/libXext.so.6.4.0
7f105806e000-7f1058079000 r-xp 00004000 08:02 1057055                    /usr/lib/x86_64-linux-gnu/libXext.so.6.4.0
7f1058079000-7f105807d000 r--p 0000f000 08:02 1057055                    /usr/lib/x86_64-linux-gnu/libXext.so.6.4.0
7f105807d000-7f105807e000 r--p 00012000 08:02 1057055                    /usr/lib/x86_64-linux-gnu/libXext.so.6.4.0
7f105807e000-7f105807f000 rw-p 00013000 08:02 1057055                    /usr/lib/x86_64-linux-gnu/libXext.so.6.4.0
7f105807f000-7f1058080000 r--s 00000000 08:02 13391291                   /var/cache/fontconfig/ce2e9286-f7dc-452f-893c-09e4e6bde1bb-le64.cache-7
7f1058080000-7f1058083000 r--s 00000000 08:02 13391288                   /var/cache/fontconfig/3612358c-bdf4-484b-a825-292ce05d50f0-le64.cache-7
7f1058083000-7f1058084000 r--s 00000000 08:02 13391287                   /var/cache/fontconfig/f4814f27-86d2-4716-ad45-452ef655a3a8-le64.cache-7
7f1058084000-7f1058085000 r--s 00000000 08:02 13391286                   /var/cache/fontconfig/eda9c328-b43b-43c0-97e5-35f52c99f5e4-le64.cache-7
7f1058085000-7f1058086000 r--s 00000000 08:02 13391285                   /var/cache/fontconfig/40d99119-4b25-4754-aff5-7846d09a0667-le64.cache-7
7f1058086000-7f1058087000 r--s 00000000 08:02 13391284                   /var/cache/fontconfig/b1db6e47-739f-4089-881f-0a2b69afac83-le64.cache-7
7f1058087000-7f1058088000 r--s 00000000 08:02 13391282                   /var/cache/fontconfig/1f802e76-33c3-4101-9707-86c9d7b39dec-le64.cache-7
7f1058088000-7f1058089000 r--s 00000000 08:02 13391280                   /var/cache/fontconfig/481ec085-4273-4a2d-86ad-7bbd7beb2216-le64.cache-7
7f1058089000-7f105808a000 r--s 00000000 08:02 13391281                   /var/cache/fontconfig/e7de1782-d482-4868-8bf9-187b43024f45-le64.cache-7
7f105808a000-7f105809a000 r--s 00000000 08:02 13375552                   /var/cache/fontconfig/27f39d02-dea4-4e19-a334-26b50e740836-le64.cache-7
7f105809a000-7f105868b000 rw-p 00000000 00:00 0 
7f105868b000-7f105868c000 ---p 00000000 00:00 0 
7f105868c000-7f105878c000 rw-p 00000000 00:00 0 
7f105878c000-7f105878d000 ---p 00000000 00:00 0 
7f105878d000-7f10588e8000 rw-p 00000000 00:00 0 
7f10588e8000-7f1058aaa000 ---p 00000000 00:00 0 
7f1058aaa000-7f1058ac8000 rw-p 00000000 00:00 0 
7f1058ac8000-7f1058e6a000 ---p 00000000 00:00 0 
7f1058e6a000-7f1058e88000 rw-p 00000000 00:00 0 
7f1058e88000-7f105904a000 ---p 00000000 00:00 0 
7f105904a000-7f105904b000 ---p 00000000 00:00 0 
7f105904b000-7f105914b000 rw-p 00000000 00:00 0 
7f105914b000-7f105914c000 ---p 00000000 00:00 0 
7f105914c000-7f105924c000 rw-p 00000000 00:00 0 
7f105924c000-7f105924d000 ---p 00000000 00:00 0 
7f105924d000-7f105934d000 rw-p 00000000 00:00 0 
7f105934d000-7f105934e000 ---p 00000000 00:00 0 
7f105934e000-7f105944e000 rw-p 00000000 00:00 0 
7f105944e000-7f105944f000 ---p 00000000 00:00 0 
7f105944f000-7f1059953000 rw-p 00000000 00:00 0 
7f1059953000-7f1059954000 ---p 00000000 00:00 0 
7f1059954000-7f1059a54000 rw-p 00000000 00:00 0 
7f1059a54000-7f1059a55000 ---p 00000000 00:00 0 
7f1059a55000-7f1059b55000 rw-p 00000000 00:00 0 
7f1059b55000-7f1059b56000 ---p 00000000 00:00 0 
7f1059b56000-7f1059c56000 rw-p 00000000 00:00 0 
7f1059c56000-7f1059c57000 ---p 00000000 00:00 0 
7f1059c57000-7f1059d5c000 rw-p 00000000 00:00 0 
7f1059d5c000-7f1059e42000 ---p 00000000 00:00 0 
7f1059e42000-7f1059e47000 rw-p 00000000 00:00 0 
7f1059e47000-7f1059f2d000 ---p 00000000 00:00 0 
7f1059f2d000-7f1059f32000 r-xp 00000000 08:02 2888791                    /usr/lib/jvm/java-9-openjdk-amd64/lib/amd64/libjimage.so
7f1059f32000-7f105a131000 ---p 00005000 08:02 2888791                    /usr/lib/jvm/java-9-openjdk-amd64/lib/amd64/libjimage.so
7f105a131000-7f105a132000 r--p 00004000 08:02 2888791                    /usr/lib/jvm/java-9-openjdk-amd64/lib/amd64/libjimage.so
7f105a132000-7f105a133000 rw-p 00005000 08:02 2888791                    /usr/lib/jvm/java-9-openjdk-amd64/lib/amd64/libjimage.so
7f105a133000-7f105a13a000 r-xp 00000000 08:02 2888787                    /usr/lib/jvm/java-9-openjdk-amd64/lib/amd64/libzip.so
7f105a13a000-7f105a339000 ---p 00007000 08:02 2888787                    /usr/lib/jvm/java-9-openjdk-amd64/lib/amd64/libzip.so
7f105a339000-7f105a33a000 r--p 00006000 08:02 2888787                    /usr/lib/jvm/java-9-openjdk-amd64/lib/amd64/libzip.so
7f105a33a000-7f105a33b000 rw-p 00007000 08:02 2888787                    /usr/lib/jvm/java-9-openjdk-amd64/lib/amd64/libzip.so
7f105a33b000-7f105a33e000 r--p 00000000 08:02 12587528                   /lib/x86_64-linux-gnu/libnss_files-2.31.so
7f105a33e000-7f105a345000 r-xp 00003000 08:02 12587528                   /lib/x86_64-linux-gnu/libnss_files-2.31.so
7f105a345000-7f105a347000 r--p 0000a000 08:02 12587528                   /lib/x86_64-linux-gnu/libnss_files-2.31.so
7f105a347000-7f105a348000 r--p 0000b000 08:02 12587528                   /lib/x86_64-linux-gnu/libnss_files-2.31.so
7f105a348000-7f105a349000 rw-p 0000c000 08:02 12587528                   /lib/x86_64-linux-gnu/libnss_files-2.31.so
7f105a349000-7f105a34f000 rw-p 00000000 00:00 0 
7f105a34f000-7f105a354000 r--p 00000000 08:02 12587524                   /lib/x86_64-linux-gnu/libnsl-2.31.so
7f105a354000-7f105a364000 r-xp 00005000 08:02 12587524                   /lib/x86_64-linux-gnu/libnsl-2.31.so
7f105a364000-7f105a368000 r--p 00015000 08:02 12587524                   /lib/x86_64-linux-gnu/libnsl-2.31.so
7f105a368000-7f105a369000 r--p 00018000 08:02 12587524                   /lib/x86_64-linux-gnu/libnsl-2.31.so
7f105a369000-7f105a36a000 rw-p 00019000 08:02 12587524                   /lib/x86_64-linux-gnu/libnsl-2.31.so
7f105a36a000-7f105a36c000 rw-p 00000000 00:00 0 
7f105a36c000-7f105a36f000 r--p 00000000 08:02 12587530                   /lib/x86_64-linux-gnu/libnss_nis-2.31.so
7f105a36f000-7f105a377000 r-xp 00003000 08:02 12587530                   /lib/x86_64-linux-gnu/libnss_nis-2.31.so
7f105a377000-7f105a379000 r--p 0000b000 08:02 12587530                   /lib/x86_64-linux-gnu/libnss_nis-2.31.so
7f105a379000-7f105a37a000 r--p 0000c000 08:02 12587530                   /lib/x86_64-linux-gnu/libnss_nis-2.31.so
7f105a37a000-7f105a37b000 rw-p 0000d000 08:02 12587530                   /lib/x86_64-linux-gnu/libnss_nis-2.31.so
7f105a37b000-7f105a37c000 r--s 00000000 08:02 13374058                   /var/cache/fontconfig/ac0cb00e-b98a-4c92-ab51-8fe6a185f08f-le64.cache-7
7f105a37c000-7f105a37f000 r--s 00000000 08:02 13375589                   /var/cache/fontconfig/bc703e7a-48a2-456e-b665-2e1e22a57feb-le64.cache-7
7f105a37f000-7f105a382000 r--s 00000000 08:02 13391273                   /var/cache/fontconfig/7e36180c-ae56-4437-bafc-cf04942958fd-le64.cache-7
7f105a382000-7f105a384000 r--p 00000000 08:02 1057141                    /usr/lib/x86_64-linux-gnu/libXdmcp.so.6.0.0
7f105a384000-7f105a386000 r-xp 00002000 08:02 1057141                    /usr/lib/x86_64-linux-gnu/libXdmcp.so.6.0.0
7f105a386000-7f105a388000 r--p 00004000 08:02 1057141                    /usr/lib/x86_64-linux-gnu/libXdmcp.so.6.0.0
7f105a388000-7f105a389000 r--p 00005000 08:02 1057141                    /usr/lib/x86_64-linux-gnu/libXdmcp.so.6.0.0
7f105a389000-7f105a38a000 rw-p 00006000 08:02 1057141                    /usr/lib/x86_64-linux-gnu/libXdmcp.so.6.0.0
7f105a38a000-7f105a38f000 rw-p 00000000 00:00 0 
7f105a38f000-7f105a396000 ---p 00000000 00:00 0 
7f105a396000-7f105a3c1000 r-xp 00000000 08:02 2888774                    /usr/lib/jvm/java-9-openjdk-amd64/lib/amd64/libjava.so
7f105a3c1000-7f105a5c0000 ---p 0002b000 08:02 2888774                    /usr/lib/jvm/java-9-openjdk-amd64/lib/amd64/libjava.so
7f105a5c0000-7f105a5c1000 r--p 0002a000 08:02 2888774                    /usr/lib/jvm/java-9-openjdk-amd64/lib/amd64/libjava.so
7f105a5c1000-7f105a5c3000 rw-p 0002b000 08:02 2888774                    /usr/lib/jvm/java-9-openjdk-amd64/lib/amd64/libjava.so
7f105a5c3000-7f105a5d0000 r-xp 00000000 08:02 2888775                    /usr/lib/jvm/java-9-openjdk-amd64/lib/amd64/libverify.so
7f105a5d0000-7f105a7cf000 ---p 0000d000 08:02 2888775                    /usr/lib/jvm/java-9-openjdk-amd64/lib/amd64/libverify.so
7f105a7cf000-7f105a7d1000 r--p 0000c000 08:02 2888775                    /usr/lib/jvm/java-9-openjdk-amd64/lib/amd64/libverify.so
7f105a7d1000-7f105a7d2000 rw-p 0000e000 08:02 2888775                    /usr/lib/jvm/java-9-openjdk-amd64/lib/amd64/libverify.so
7f105a7d2000-7f105a7d5000 r--p 00000000 08:02 12587626                   /lib/x86_64-linux-gnu/librt-2.31.so
7f105a7d5000-7f105a7d9000 r-xp 00003000 08:02 12587626                   /lib/x86_64-linux-gnu/librt-2.31.so
7f105a7d9000-7f105a7da000 r--p 00007000 08:02 12587626                   /lib/x86_64-linux-gnu/librt-2.31.so
7f105a7da000-7f105a7db000 ---p 00008000 08:02 12587626                   /lib/x86_64-linux-gnu/librt-2.31.so
7f105a7db000-7f105a7dc000 r--p 00008000 08:02 12587626                   /lib/x86_64-linux-gnu/librt-2.31.so
7f105a7dc000-7f105a7dd000 rw-p 00009000 08:02 12587626                   /lib/x86_64-linux-gnu/librt-2.31.so
7f105a7dd000-7f105a7de000 ---p 00000000 00:00 0 
7f105a7de000-7f105a7e2000 ---p 00000000 00:00 0 
7f105a7e2000-7f105a8de000 rw-p 00000000 00:00 0 
7f105a8de000-7f105a8e1000 r--p 00000000 08:02 12583173                   /lib/x86_64-linux-gnu/libgcc_s.so.1
7f105a8e1000-7f105a8f3000 r-xp 00003000 08:02 12583173                   /lib/x86_64-linux-gnu/libgcc_s.so.1
7f105a8f3000-7f105a8f7000 r--p 00015000 08:02 12583173                   /lib/x86_64-linux-gnu/libgcc_s.so.1
7f105a8f7000-7f105a8f8000 r--p 00018000 08:02 12583173                   /lib/x86_64-linux-gnu/libgcc_s.so.1
7f105a8f8000-7f105a8f9000 rw-p 00019000 08:02 12583173                   /lib/x86_64-linux-gnu/libgcc_s.so.1
7f105a8f9000-7f105a908000 r--p 00000000 08:02 12587521                   /lib/x86_64-linux-gnu/libm-2.31.so
7f105a908000-7f105a9af000 r-xp 0000f000 08:02 12587521                   /lib/x86_64-linux-gnu/libm-2.31.so
7f105a9af000-7f105aa46000 r--p 000b6000 08:02 12587521                   /lib/x86_64-linux-gnu/libm-2.31.so
7f105aa46000-7f105aa47000 r--p 0014c000 08:02 12587521                   /lib/x86_64-linux-gnu/libm-2.31.so
7f105aa47000-7f105aa48000 rw-p 0014d000 08:02 12587521                   /lib/x86_64-linux-gnu/libm-2.31.so
7f105aa48000-7f105aade000 r--p 00000000 08:02 1048597                    /usr/lib/x86_64-linux-gnu/libstdc++.so.6.0.28
7f105aade000-7f105abce000 r-xp 00096000 08:02 1048597                    /usr/lib/x86_64-linux-gnu/libstdc++.so.6.0.28
7f105abce000-7f105ac17000 r--p 00186000 08:02 1048597                    /usr/lib/x86_64-linux-gnu/libstdc++.so.6.0.28
7f105ac17000-7f105ac18000 ---p 001cf000 08:02 1048597                    /usr/lib/x86_64-linux-gnu/libstdc++.so.6.0.28
7f105ac18000-7f105ac23000 r--p 001cf000 08:02 1048597                    /usr/lib/x86_64-linux-gnu/libstdc++.so.6.0.28
7f105ac23000-7f105ac26000 rw-p 001da000 08:02 1048597                    /usr/lib/x86_64-linux-gnu/libstdc++.so.6.0.28
7f105ac26000-7f105ac29000 rw-p 00000000 00:00 0 
7f105ac29000-7f105ba87000 r-xp 00000000 08:02 3021291                    /usr/lib/jvm/java-9-openjdk-amd64/lib/amd64/server/libjvm.so
7f105ba87000-7f105bc87000 ---p 00e5e000 08:02 3021291                    /usr/lib/jvm/java-9-openjdk-amd64/lib/amd64/server/libjvm.so
7f105bc87000-7f105bd39000 r--p 00e5e000 08:02 3021291                    /usr/lib/jvm/java-9-openjdk-amd64/lib/amd64/server/libjvm.so
7f105bd39000-7f105bd6b000 rw-p 00f10000 08:02 3021291                    /usr/lib/jvm/java-9-openjdk-amd64/lib/amd64/server/libjvm.so
7f105bd6b000-7f105bdb2000 rw-p 00000000 00:00 0 
7f105bdb2000-7f105bdb9000 r--p 00000000 08:02 12587533                   /lib/x86_64-linux-gnu/libpthread-2.31.so
7f105bdb9000-7f105bdca000 r-xp 00007000 08:02 12587533                   /lib/x86_64-linux-gnu/libpthread-2.31.so
7f105bdca000-7f105bdcf000 r--p 00018000 08:02 12587533                   /lib/x86_64-linux-gnu/libpthread-2.31.so
7f105bdcf000-7f105bdd0000 r--p 0001c000 08:02 12587533                   /lib/x86_64-linux-gnu/libpthread-2.31.so
7f105bdd0000-7f105bdd1000 rw-p 0001d000 08:02 12587533                   /lib/x86_64-linux-gnu/libpthread-2.31.so
7f105bdd1000-7f105bdd5000 rw-p 00000000 00:00 0 
7f105bdd5000-7f105bdd6000 r--p 00000000 08:02 12587520                   /lib/x86_64-linux-gnu/libdl-2.31.so
7f105bdd6000-7f105bdd8000 r-xp 00001000 08:02 12587520                   /lib/x86_64-linux-gnu/libdl-2.31.so
7f105bdd8000-7f105bdd9000 r--p 00003000 08:02 12587520                   /lib/x86_64-linux-gnu/libdl-2.31.so
7f105bdd9000-7f105bdda000 r--p 00003000 08:02 12587520                   /lib/x86_64-linux-gnu/libdl-2.31.so
7f105bdda000-7f105bddb000 rw-p 00004000 08:02 12587520                   /lib/x86_64-linux-gnu/libdl-2.31.so
7f105bddb000-7f105bddd000 r--p 00000000 08:02 12583278                   /lib/x86_64-linux-gnu/libz.so.1.2.11
7f105bddd000-7f105bdee000 r-xp 00002000 08:02 12583278                   /lib/x86_64-linux-gnu/libz.so.1.2.11
7f105bdee000-7f105bdf4000 r--p 00013000 08:02 12583278                   /lib/x86_64-linux-gnu/libz.so.1.2.11
7f105bdf4000-7f105bdf5000 ---p 00019000 08:02 12583278                   /lib/x86_64-linux-gnu/libz.so.1.2.11
7f105bdf5000-7f105bdf6000 r--p 00019000 08:02 12583278                   /lib/x86_64-linux-gnu/libz.so.1.2.11
7f105bdf6000-7f105bdf7000 rw-p 0001a000 08:02 12583278                   /lib/x86_64-linux-gnu/libz.so.1.2.11
7f105bdf7000-7f105be1c000 r--p 00000000 08:02 12586381                   /lib/x86_64-linux-gnu/libc-2.31.so
7f105be1c000-7f105bf94000 r-xp 00025000 08:02 12586381                   /lib/x86_64-linux-gnu/libc-2.31.so
7f105bf94000-7f105bfde000 r--p 0019d000 08:02 12586381                   /lib/x86_64-linux-gnu/libc-2.31.so
7f105bfde000-7f105bfdf000 ---p 001e7000 08:02 12586381                   /lib/x86_64-linux-gnu/libc-2.31.so
7f105bfdf000-7f105bfe2000 r--p 001e7000 08:02 12586381                   /lib/x86_64-linux-gnu/libc-2.31.so
7f105bfe2000-7f105bfe5000 rw-p 001ea000 08:02 12586381                   /lib/x86_64-linux-gnu/libc-2.31.so
7f105bfe5000-7f105bfe9000 rw-p 00000000 00:00 0 
7f105bfe9000-7f105bfea000 r--p 00000000 08:02 1048770                    /usr/lib/x86_64-linux-gnu/libXau.so.6.0.0
7f105bfea000-7f105bfec000 r-xp 00001000 08:02 1048770                    /usr/lib/x86_64-linux-gnu/libXau.so.6.0.0
7f105bfec000-7f105bfed000 r--p 00003000 08:02 1048770                    /usr/lib/x86_64-linux-gnu/libXau.so.6.0.0
7f105bfed000-7f105bfee000 r--p 00003000 08:02 1048770                    /usr/lib/x86_64-linux-gnu/libXau.so.6.0.0
7f105bfee000-7f105bfef000 rw-p 00004000 08:02 1048770                    /usr/lib/x86_64-linux-gnu/libXau.so.6.0.0
7f105bfef000-7f105bff7000 rw-s 00000000 08:02 18089172                   /tmp/hsperfdata_ansari/200906
7f105bff7000-7f105bff9000 r--p 00000000 08:02 12587525                   /lib/x86_64-linux-gnu/libnss_compat-2.31.so
7f105bff9000-7f105c000000 r-xp 00002000 08:02 12587525                   /lib/x86_64-linux-gnu/libnss_compat-2.31.so
7f105c000000-7f105c001000 r--p 00009000 08:02 12587525                   /lib/x86_64-linux-gnu/libnss_compat-2.31.so
7f105c001000-7f105c002000 r--p 00009000 08:02 12587525                   /lib/x86_64-linux-gnu/libnss_compat-2.31.so
7f105c002000-7f105c003000 rw-p 0000a000 08:02 12587525                   /lib/x86_64-linux-gnu/libnss_compat-2.31.so
7f105c003000-7f105c004000 rw-p 00000000 00:00 0 
7f105c004000-7f105c012000 r-xp 00000000 08:02 3150973                    /usr/lib/jvm/java-9-openjdk-amd64/lib/amd64/jli/libjli.so
7f105c012000-7f105c211000 ---p 0000e000 08:02 3150973                    /usr/lib/jvm/java-9-openjdk-amd64/lib/amd64/jli/libjli.so
7f105c211000-7f105c212000 r--p 0000d000 08:02 3150973                    /usr/lib/jvm/java-9-openjdk-amd64/lib/amd64/jli/libjli.so
7f105c212000-7f105c213000 rw-p 0000e000 08:02 3150973                    /usr/lib/jvm/java-9-openjdk-amd64/lib/amd64/jli/libjli.so
7f105c213000-7f105c215000 rw-p 00000000 00:00 0 
7f105c215000-7f105c216000 r--p 00000000 08:02 12583174                   /lib/x86_64-linux-gnu/ld-2.31.so
7f105c216000-7f105c239000 r-xp 00001000 08:02 12583174                   /lib/x86_64-linux-gnu/ld-2.31.so
7f105c239000-7f105c241000 r--p 00024000 08:02 12583174                   /lib/x86_64-linux-gnu/ld-2.31.so
7f105c241000-7f105c242000 r--p 00000000 00:00 0 
7f105c242000-7f105c243000 r--p 0002c000 08:02 12583174                   /lib/x86_64-linux-gnu/ld-2.31.so
7f105c243000-7f105c244000 rw-p 0002d000 08:02 12583174                   /lib/x86_64-linux-gnu/ld-2.31.so
7f105c244000-7f105c245000 rw-p 00000000 00:00 0 
7ffc25ceb000-7ffc25d0c000 rw-p 00000000 00:00 0                          [stack]
7ffc25d9f000-7ffc25da2000 r--p 00000000 00:00 0                          [vvar]
7ffc25da2000-7ffc25da3000 r-xp 00000000 00:00 0                          [vdso]
ffffffffff600000-ffffffffff601000 --xp 00000000 00:00 0                  [vsyscall]

VM Arguments:
java_command: mainpage
java_class_path (initial): .
Launcher Type: SUN_STANDARD

Environment Variables:
PATH=/home/ansari/.local/bin:/usr/local/sbin:/usr/local/bin:/usr/sbin:/usr/bin:/sbin:/bin:/usr/games:/usr/local/games:/snap/bin
USERNAME=ansari
SHELL=/bin/bash
DISPLAY=:0

Signal Handlers:
SIGSEGV: [libjvm.so+0xc12c20], sa_mask[0]=11111111011111111101111111111110, sa_flags=SA_RESTART|SA_SIGINFO
SIGBUS: [libjvm.so+0xc12c20], sa_mask[0]=11111111011111111101111111111110, sa_flags=SA_RESTART|SA_SIGINFO
SIGFPE: [libjvm.so+0xc12c20], sa_mask[0]=11111111011111111101111111111110, sa_flags=SA_RESTART|SA_SIGINFO
SIGPIPE: [libjvm.so+0xa3b600], sa_mask[0]=11111111011111111101111111111110, sa_flags=SA_RESTART|SA_SIGINFO
SIGXFSZ: [libjvm.so+0xa3b600], sa_mask[0]=11111111011111111101111111111110, sa_flags=SA_RESTART|SA_SIGINFO
SIGILL: [libjvm.so+0xc12c20], sa_mask[0]=11111111011111111101111111111110, sa_flags=SA_RESTART|SA_SIGINFO
SIGUSR2: [libjvm.so+0xa3b4a0], sa_mask[0]=00000000000000000000000000000000, sa_flags=SA_RESTART|SA_SIGINFO
SIGHUP: [libjvm.so+0xa3b870], sa_mask[0]=11111111011111111101111111111110, sa_flags=SA_RESTART|SA_SIGINFO
SIGINT: [libjvm.so+0xa3b870], sa_mask[0]=11111111011111111101111111111110, sa_flags=SA_RESTART|SA_SIGINFO
SIGTERM: [libjvm.so+0xa3b870], sa_mask[0]=11111111011111111101111111111110, sa_flags=SA_RESTART|SA_SIGINFO
SIGQUIT: [libjvm.so+0xa3b870], sa_mask[0]=11111111011111111101111111111110, sa_flags=SA_RESTART|SA_SIGINFO


---------------  S Y S T E M  ---------------

OS:DISTRIB_ID=Ubuntu
DISTRIB_RELEASE=20.04
DISTRIB_CODENAME=focal
DISTRIB_DESCRIPTION="Ubuntu 20.04.1 LTS"
uname:Linux 5.4.0-52-generic #57-Ubuntu SMP Thu Oct 15 10:57:00 UTC 2020 x86_64
libc:glibc 2.31 NPTL 2.31 
rlimit: STACK 8192k, CORE 0k, NPROC 15114, NOFILE 1048576, AS infinity
load average:2.06 1.89 2.04

/proc/meminfo:
MemTotal:        3925756 kB
MemFree:          558688 kB
MemAvailable:    1039888 kB
Buffers:           65156 kB
Cached:          1134516 kB
SwapCached:        83344 kB
Active:          2113612 kB
Inactive:         838132 kB
Active(anon):    1810988 kB
Inactive(anon):   488556 kB
Active(file):     302624 kB
Inactive(file):   349576 kB
Unevictable:       55360 kB
Mlocked:              96 kB
SwapTotal:       9764860 kB
SwapFree:        7553164 kB
Dirty:               692 kB
Writeback:             0 kB
AnonPages:       1797824 kB
Mapped:           652864 kB
Shmem:            547424 kB
KReclaimable:      83684 kB
Slab:             224364 kB
SReclaimable:      83684 kB
SUnreclaim:       140680 kB
KernelStack:       15312 kB
PageTables:        39264 kB
NFS_Unstable:          0 kB
Bounce:                0 kB
WritebackTmp:          0 kB
CommitLimit:    11727736 kB
Committed_AS:   11802420 kB
VmallocTotal:   34359738367 kB
VmallocUsed:       50600 kB
VmallocChunk:          0 kB
Percpu:             6976 kB
HardwareCorrupted:     0 kB
AnonHugePages:         0 kB
ShmemHugePages:        0 kB
ShmemPmdMapped:        0 kB
FileHugePages:         0 kB
FilePmdMapped:         0 kB
CmaTotal:              0 kB
CmaFree:               0 kB
HugePages_Total:       0
HugePages_Free:        0
HugePages_Rsvd:        0
HugePages_Surp:        0
Hugepagesize:       2048 kB
Hugetlb:               0 kB
DirectMap4k:      617216 kB
DirectMap2M:     3473408 kB


CPU:total 4 (2 cores per cpu, 2 threads per core) family 6 model 58 stepping 9, cmov, cx8, fxsr, mmx, sse, sse2, sse3, ssse3, sse4.1, sse4.2, popcnt, avx, aes, clmul, erms, ht, tsc, tscinvbit, tscinv

CPU Model and flags from /proc/cpuinfo:
model name	: Intel(R) Core(TM) i5-3210M CPU @ 2.50GHz
flags		: fpu vme de pse tsc msr pae mce cx8 apic sep mtrr pge mca cmov pat pse36 clflush dts acpi mmx fxsr sse sse2 ss ht tm pbe syscall nx rdtscp lm constant_tsc arch_perfmon pebs bts rep_good nopl xtopology nonstop_tsc cpuid aperfmperf pni pclmulqdq dtes64 monitor ds_cpl vmx est tm2 ssse3 cx16 xtpr pdcm pcid sse4_1 sse4_2 x2apic popcnt tsc_deadline_timer aes xsave avx f16c rdrand lahf_lm cpuid_fault epb pti ssbd ibrs ibpb stibp tpr_shadow vnmi flexpriority ept vpid fsgsbase smep erms xsaveopt dtherm ida arat pln pts md_clear flush_l1d

Memory: 4k page, physical 3925756k(558688k free), swap 9764860k(7553164k free)

vm_info: OpenJDK 64-Bit Server VM (9-internal+0-2016-04-14-195246.buildd.src) for linux-amd64 JRE (9-internal+0-2016-04-14-195246.buildd.src), built on Apr 14 2016 20:05:37 by "buildd" with gcc 5.3.1 20160413

END.
